#
# There is insufficient memory for the Java Runtime Environment to continue.
# Native memory allocation (malloc) failed to allocate 37536 bytes for Chunk::new
# Possible reasons:
#   The system is out of physical RAM or swap space
#   The process is running with CompressedOops enabled, and the Java Heap may be blocking the growth of the native heap
# Possible solutions:
#   Reduce memory load on the system
#   Increase physical memory or swap space
#   Check if swap backing store is full
#   Decrease Java heap size (-Xmx/-Xms)
#   Decrease number of Java threads
#   Decrease Java thread stack sizes (-Xss)
#   Set larger code cache with -XX:ReservedCodeCacheSize=
#   JVM is running with Unscaled Compressed Oops mode in which the Java heap is
#     placed in the first 4GB address space. The Java Heap base address is the
#     maximum limit for the native heap growth. Please use -XX:HeapBaseMinAddress
#     to set the Java Heap base and to place the Java Heap above 4GB virtual address.
# This output file may be truncated or incomplete.
#
#  Out of Memory Error (./open/src/hotspot/share/memory/arena.cpp:195), pid=38840, tid=39320
#
# JRE version: Java(TM) SE Runtime Environment (14.0.2+12) (build 14.0.2+12-46)
# Java VM: Java HotSpot(TM) 64-Bit Server VM (14.0.2+12-46, mixed mode, sharing, tiered, compressed oops, g1 gc, windows-amd64)
# No core dump will be written. Minidumps are not enabled by default on client versions of Windows
#

---------------  S U M M A R Y ------------

Command Line: -agentlib:jdwp=transport=dt_socket,suspend=y,address=localhost:56761 -javaagent:C:\Users\Neha Narain\eclipse\java-2020-06\eclipse\configuration\org.eclipse.osgi\222\0\.cp\lib\javaagent-shaded.jar -Dfile.encoding=Cp1252 Test.Scope

Host: Intel(R) Core(TM) i3-3110M CPU @ 2.40GHz, 4 cores, 3G,  Windows 10 , 64 bit Build 18362 (10.0.18362.1110)
Time: Fri Dec  4 14:29:37 2020 Pacific Standard Time elapsed time: 51 seconds (0d 0h 0m 51s)

---------------  T H R E A D  ---------------

Current thread (0x000002327621c800):  JavaThread "main" [_thread_in_vm, id=39320, stack(0x00000063ca600000,0x00000063ca700000)]

Stack: [0x00000063ca600000,0x00000063ca700000]
Native frames: (J=compiled Java code, j=interpreted, Vv=VM code, C=native code)
V  [jvm.dll+0x5f8a9a]
V  [jvm.dll+0x74247a]
V  [jvm.dll+0x743c2f]
V  [jvm.dll+0x744273]
V  [jvm.dll+0x20d288]
V  [jvm.dll+0xabb07]
V  [jvm.dll+0xac1fc]
V  [jvm.dll+0x1c38f3]
V  [jvm.dll+0x1c25b0]
V  [jvm.dll+0x6cbe9a]
V  [jvm.dll+0x6cd469]
V  [jvm.dll+0x6cd97d]
V  [jvm.dll+0x6cd7c3]
V  [jvm.dll+0x206e08]
V  [jvm.dll+0x336131]
C  0x000002320002f563

Java frames: (J=compiled Java code, j=interpreted, Vv=VM code)
j  sun.security.provider.X509Factory.engineGenerateCertificate(Ljava/io/InputStream;)Ljava/security/cert/Certificate;+49 java.base@14.0.2
j  java.security.cert.CertificateFactory.generateCertificate(Ljava/io/InputStream;)Ljava/security/cert/Certificate;+5 java.base@14.0.2
j  sun.security.pkcs.PKCS7.parseSignedData(Lsun/security/util/DerValue;)V+264 java.base@14.0.2
j  sun.security.pkcs.PKCS7.parse(Lsun/security/util/DerInputStream;Z)V+47 java.base@14.0.2
j  sun.security.pkcs.PKCS7.parse(Lsun/security/util/DerInputStream;)V+11 java.base@14.0.2
j  sun.security.pkcs.PKCS7.<init>([B)V+50 java.base@14.0.2
j  sun.security.util.SignatureFileVerifier.<init>(Ljava/util/ArrayList;Lsun/security/util/ManifestDigester;Ljava/lang/String;[B)V+45 java.base@14.0.2
j  java.util.jar.JarVerifier.processEntry(Lsun/security/util/ManifestEntryVerifier;)V+311 java.base@14.0.2
j  java.util.jar.JarVerifier.update(I[BIILsun/security/util/ManifestEntryVerifier;)V+39 java.base@14.0.2
j  java.util.jar.JarFile.initializeVerifier()V+157 java.base@14.0.2
j  java.util.jar.JarFile.ensureInitialization()V+41 java.base@14.0.2
j  java.util.jar.JavaUtilJarAccessImpl.ensureInitialization(Ljava/util/jar/JarFile;)V+1 java.base@14.0.2
j  jdk.internal.loader.URLClassPath$JarLoader$2.getManifest()Ljava/util/jar/Manifest;+10 java.base@14.0.2
j  jdk.internal.loader.BuiltinClassLoader.defineClass(Ljava/lang/String;Ljdk/internal/loader/Resource;)Ljava/lang/Class;+29 java.base@14.0.2
j  jdk.internal.loader.BuiltinClassLoader.findClassOnClassPathOrNull(Ljava/lang/String;)Ljava/lang/Class;+37 java.base@14.0.2
j  jdk.internal.loader.BuiltinClassLoader.loadClassOrNull(Ljava/lang/String;Z)Ljava/lang/Class;+111 java.base@14.0.2
j  jdk.internal.loader.BuiltinClassLoader.loadClass(Ljava/lang/String;Z)Ljava/lang/Class;+3 java.base@14.0.2
j  jdk.internal.loader.ClassLoaders$AppClassLoader.loadClass(Ljava/lang/String;Z)Ljava/lang/Class;+36 java.base@14.0.2
j  java.lang.ClassLoader.loadClass(Ljava/lang/String;)Ljava/lang/Class;+3 java.base@14.0.2
j  sun.instrument.InstrumentationImpl.loadClassAndStartAgent(Ljava/lang/String;Ljava/lang/String;Ljava/lang/String;)V+8 java.instrument@14.0.2
j  sun.instrument.InstrumentationImpl.loadClassAndCallPremain(Ljava/lang/String;Ljava/lang/String;)V+6 java.instrument@14.0.2
v  ~StubRoutines::call_stub

---------------  P R O C E S S  ---------------

Threads class SMR info:
_java_thread_list=0x0000023212efd270, length=13, elements={
0x000002327621c800, 0x000002321242a000, 0x000002321242b800, 0x000002321244a800,
0x000002321244c800, 0x000002321244d800, 0x000002321244f800, 0x00000232124bb000,
0x00000232124db000, 0x00000232762db000, 0x0000023212f5e800, 0x0000023212f61800,
0x0000023212f70000
}
_to_delete_list=0x0000023212efd090, length=12, elements={
0x000002327621c800, 0x000002321242a000, 0x000002321242b800, 0x000002321244a800,
0x000002321244c800, 0x000002321244d800, 0x000002321244f800, 0x00000232124bb000,
0x00000232124db000, 0x00000232762db000, 0x0000023212f5e800, 0x0000023212f61800
}

Java Threads: ( => current thread )
=>0x000002327621c800 JavaThread "main" [_thread_in_vm, id=39320, stack(0x00000063ca600000,0x00000063ca700000)]
  0x000002321242a000 JavaThread "Reference Handler" daemon [_thread_blocked, id=40980, stack(0x00000063cad00000,0x00000063cae00000)]
  0x000002321242b800 JavaThread "Finalizer" daemon [_thread_blocked, id=40984, stack(0x00000063cae00000,0x00000063caf00000)]
  0x000002321244a800 JavaThread "Signal Dispatcher" daemon [_thread_blocked, id=41332, stack(0x00000063caf00000,0x00000063cb000000)]
  0x000002321244c800 JavaThread "Attach Listener" daemon [_thread_blocked, id=41340, stack(0x00000063cb000000,0x00000063cb100000)]
  0x000002321244d800 JavaThread "Service Thread" daemon [_thread_blocked, id=41348, stack(0x00000063cb100000,0x00000063cb200000)]
  0x000002321244f800 JavaThread "C2 CompilerThread0" daemon [_thread_blocked, id=41356, stack(0x00000063cb200000,0x00000063cb300000)]
  0x00000232124bb000 JavaThread "C1 CompilerThread0" daemon [_thread_blocked, id=41364, stack(0x00000063cb300000,0x00000063cb400000)]
  0x00000232124db000 JavaThread "Sweeper thread" daemon [_thread_blocked, id=41372, stack(0x00000063cb400000,0x00000063cb500000)]
  0x00000232762db000 JavaThread "Common-Cleaner" daemon [_thread_blocked, id=44620, stack(0x00000063cb500000,0x00000063cb600000)]
  0x0000023212f5e800 JavaThread "JDWP Transport Listener: dt_socket" daemon [_thread_blocked, id=44832, stack(0x00000063cb600000,0x00000063cb700000)]
  0x0000023212f61800 JavaThread "JDWP Event Helper Thread" daemon [_thread_blocked, id=44844, stack(0x00000063cb700000,0x00000063cb800000)]
  0x0000023212f70000 JavaThread "JDWP Command Reader" daemon [_thread_in_native, id=44912, stack(0x00000063cb800000,0x00000063cb900000)]

Other Threads:
  0x0000023212426800 VMThread "VM Thread" [stack: 0x00000063cac00000,0x00000063cad00000] [id=32704] _threads_hazard_ptr=0x0000023212efd270
  0x000002327624d800 GCTaskThread "GC Thread#0" [stack: 0x00000063ca700000,0x00000063ca800000] [id=39828]
  0x0000023276257800 ConcurrentGCThread "G1 Main Marker" [stack: 0x00000063ca800000,0x00000063ca900000] [id=39832]
  0x000002327625b000 ConcurrentGCThread "G1 Conc#0" [stack: 0x00000063ca900000,0x00000063caa00000] [id=39836]
  0x00000232762ae800 ConcurrentGCThread "G1 Refine#0" [stack: 0x00000063caa00000,0x00000063cab00000] [id=39852]
  0x00000232762b1000 ConcurrentGCThread "G1 Young RemSet Sampling" [stack: 0x00000063cab00000,0x00000063cac00000] [id=39856]

Threads with active compile tasks:

VM state:synchronizing (normal execution)

VM Mutex/Monitor currently owned by a thread:  ([mutex/lock_event])
[0x0000023276217b90] Threads_lock - owner thread: 0x0000023212426800

Heap address: 0x00000000c1a00000, size: 998 MB, Compressed Oops mode: 32-bit
Narrow klass base: 0x0000000800000000, Narrow klass shift: 3
Compressed class space size: 1073741824 Address: 0x0000000800b30000

Heap:
 garbage-first heap   total 65536K, used 2048K [0x00000000c1a00000, 0x0000000100000000)
  region size 1024K, 3 young (3072K), 0 survivors (0K)
 Metaspace       used 955K, capacity 4522K, committed 4864K, reserved 1056768K
  class space    used 87K, capacity 399K, committed 512K, reserved 1048576K
Heap Regions: E=young(eden), S=young(survivor), O=old, HS=humongous(starts), HC=humongous(continues), CS=collection set, F=free, OA=open archive, CA=closed archive, TAMS=top-at-mark-start (previous, next)
|   0|0x00000000c1a00000, 0x00000000c1a00000, 0x00000000c1b00000|  0%| F|  |TAMS 0x00000000c1a00000, 0x00000000c1a00000| Untracked 
|   1|0x00000000c1b00000, 0x00000000c1b00000, 0x00000000c1c00000|  0%| F|  |TAMS 0x00000000c1b00000, 0x00000000c1b00000| Untracked 
|   2|0x00000000c1c00000, 0x00000000c1c00000, 0x00000000c1d00000|  0%| F|  |TAMS 0x00000000c1c00000, 0x00000000c1c00000| Untracked 
|   3|0x00000000c1d00000, 0x00000000c1d00000, 0x00000000c1e00000|  0%| F|  |TAMS 0x00000000c1d00000, 0x00000000c1d00000| Untracked 
|   4|0x00000000c1e00000, 0x00000000c1e00000, 0x00000000c1f00000|  0%| F|  |TAMS 0x00000000c1e00000, 0x00000000c1e00000| Untracked 
|   5|0x00000000c1f00000, 0x00000000c1f00000, 0x00000000c2000000|  0%| F|  |TAMS 0x00000000c1f00000, 0x00000000c1f00000| Untracked 
|   6|0x00000000c2000000, 0x00000000c2000000, 0x00000000c2100000|  0%| F|  |TAMS 0x00000000c2000000, 0x00000000c2000000| Untracked 
|   7|0x00000000c2100000, 0x00000000c2100000, 0x00000000c2200000|  0%| F|  |TAMS 0x00000000c2100000, 0x00000000c2100000| Untracked 
|   8|0x00000000c2200000, 0x00000000c2200000, 0x00000000c2300000|  0%| F|  |TAMS 0x00000000c2200000, 0x00000000c2200000| Untracked 
|   9|0x00000000c2300000, 0x00000000c2300000, 0x00000000c2400000|  0%| F|  |TAMS 0x00000000c2300000, 0x00000000c2300000| Untracked 
|  10|0x00000000c2400000, 0x00000000c2400000, 0x00000000c2500000|  0%| F|  |TAMS 0x00000000c2400000, 0x00000000c2400000| Untracked 
|  11|0x00000000c2500000, 0x00000000c2500000, 0x00000000c2600000|  0%| F|  |TAMS 0x00000000c2500000, 0x00000000c2500000| Untracked 
|  12|0x00000000c2600000, 0x00000000c2600000, 0x00000000c2700000|  0%| F|  |TAMS 0x00000000c2600000, 0x00000000c2600000| Untracked 
|  13|0x00000000c2700000, 0x00000000c2700000, 0x00000000c2800000|  0%| F|  |TAMS 0x00000000c2700000, 0x00000000c2700000| Untracked 
|  14|0x00000000c2800000, 0x00000000c2800000, 0x00000000c2900000|  0%| F|  |TAMS 0x00000000c2800000, 0x00000000c2800000| Untracked 
|  15|0x00000000c2900000, 0x00000000c2900000, 0x00000000c2a00000|  0%| F|  |TAMS 0x00000000c2900000, 0x00000000c2900000| Untracked 
|  16|0x00000000c2a00000, 0x00000000c2a00000, 0x00000000c2b00000|  0%| F|  |TAMS 0x00000000c2a00000, 0x00000000c2a00000| Untracked 
|  17|0x00000000c2b00000, 0x00000000c2b00000, 0x00000000c2c00000|  0%| F|  |TAMS 0x00000000c2b00000, 0x00000000c2b00000| Untracked 
|  18|0x00000000c2c00000, 0x00000000c2c00000, 0x00000000c2d00000|  0%| F|  |TAMS 0x00000000c2c00000, 0x00000000c2c00000| Untracked 
|  19|0x00000000c2d00000, 0x00000000c2d00000, 0x00000000c2e00000|  0%| F|  |TAMS 0x00000000c2d00000, 0x00000000c2d00000| Untracked 
|  20|0x00000000c2e00000, 0x00000000c2e00000, 0x00000000c2f00000|  0%| F|  |TAMS 0x00000000c2e00000, 0x00000000c2e00000| Untracked 
|  21|0x00000000c2f00000, 0x00000000c2f00000, 0x00000000c3000000|  0%| F|  |TAMS 0x00000000c2f00000, 0x00000000c2f00000| Untracked 
|  22|0x00000000c3000000, 0x00000000c3000000, 0x00000000c3100000|  0%| F|  |TAMS 0x00000000c3000000, 0x00000000c3000000| Untracked 
|  23|0x00000000c3100000, 0x00000000c3100000, 0x00000000c3200000|  0%| F|  |TAMS 0x00000000c3100000, 0x00000000c3100000| Untracked 
|  24|0x00000000c3200000, 0x00000000c3200000, 0x00000000c3300000|  0%| F|  |TAMS 0x00000000c3200000, 0x00000000c3200000| Untracked 
|  25|0x00000000c3300000, 0x00000000c3300000, 0x00000000c3400000|  0%| F|  |TAMS 0x00000000c3300000, 0x00000000c3300000| Untracked 
|  26|0x00000000c3400000, 0x00000000c3400000, 0x00000000c3500000|  0%| F|  |TAMS 0x00000000c3400000, 0x00000000c3400000| Untracked 
|  27|0x00000000c3500000, 0x00000000c3500000, 0x00000000c3600000|  0%| F|  |TAMS 0x00000000c3500000, 0x00000000c3500000| Untracked 
|  28|0x00000000c3600000, 0x00000000c3600000, 0x00000000c3700000|  0%| F|  |TAMS 0x00000000c3600000, 0x00000000c3600000| Untracked 
|  29|0x00000000c3700000, 0x00000000c3700000, 0x00000000c3800000|  0%| F|  |TAMS 0x00000000c3700000, 0x00000000c3700000| Untracked 
|  30|0x00000000c3800000, 0x00000000c3800000, 0x00000000c3900000|  0%| F|  |TAMS 0x00000000c3800000, 0x00000000c3800000| Untracked 
|  31|0x00000000c3900000, 0x00000000c3900000, 0x00000000c3a00000|  0%| F|  |TAMS 0x00000000c3900000, 0x00000000c3900000| Untracked 
|  32|0x00000000c3a00000, 0x00000000c3a00000, 0x00000000c3b00000|  0%| F|  |TAMS 0x00000000c3a00000, 0x00000000c3a00000| Untracked 
|  33|0x00000000c3b00000, 0x00000000c3b00000, 0x00000000c3c00000|  0%| F|  |TAMS 0x00000000c3b00000, 0x00000000c3b00000| Untracked 
|  34|0x00000000c3c00000, 0x00000000c3c00000, 0x00000000c3d00000|  0%| F|  |TAMS 0x00000000c3c00000, 0x00000000c3c00000| Untracked 
|  35|0x00000000c3d00000, 0x00000000c3d00000, 0x00000000c3e00000|  0%| F|  |TAMS 0x00000000c3d00000, 0x00000000c3d00000| Untracked 
|  36|0x00000000c3e00000, 0x00000000c3e00000, 0x00000000c3f00000|  0%| F|  |TAMS 0x00000000c3e00000, 0x00000000c3e00000| Untracked 
|  37|0x00000000c3f00000, 0x00000000c3f00000, 0x00000000c4000000|  0%| F|  |TAMS 0x00000000c3f00000, 0x00000000c3f00000| Untracked 
|  38|0x00000000c4000000, 0x00000000c4000000, 0x00000000c4100000|  0%| F|  |TAMS 0x00000000c4000000, 0x00000000c4000000| Untracked 
|  39|0x00000000c4100000, 0x00000000c4100000, 0x00000000c4200000|  0%| F|  |TAMS 0x00000000c4100000, 0x00000000c4100000| Untracked 
|  40|0x00000000c4200000, 0x00000000c4200000, 0x00000000c4300000|  0%| F|  |TAMS 0x00000000c4200000, 0x00000000c4200000| Untracked 
|  41|0x00000000c4300000, 0x00000000c4300000, 0x00000000c4400000|  0%| F|  |TAMS 0x00000000c4300000, 0x00000000c4300000| Untracked 
|  42|0x00000000c4400000, 0x00000000c4400000, 0x00000000c4500000|  0%| F|  |TAMS 0x00000000c4400000, 0x00000000c4400000| Untracked 
|  43|0x00000000c4500000, 0x00000000c4500000, 0x00000000c4600000|  0%| F|  |TAMS 0x00000000c4500000, 0x00000000c4500000| Untracked 
|  44|0x00000000c4600000, 0x00000000c4600000, 0x00000000c4700000|  0%| F|  |TAMS 0x00000000c4600000, 0x00000000c4600000| Untracked 
|  45|0x00000000c4700000, 0x00000000c4700000, 0x00000000c4800000|  0%| F|  |TAMS 0x00000000c4700000, 0x00000000c4700000| Untracked 
|  46|0x00000000c4800000, 0x00000000c4800000, 0x00000000c4900000|  0%| F|  |TAMS 0x00000000c4800000, 0x00000000c4800000| Untracked 
|  47|0x00000000c4900000, 0x00000000c4900000, 0x00000000c4a00000|  0%| F|  |TAMS 0x00000000c4900000, 0x00000000c4900000| Untracked 
|  48|0x00000000c4a00000, 0x00000000c4a00000, 0x00000000c4b00000|  0%| F|  |TAMS 0x00000000c4a00000, 0x00000000c4a00000| Untracked 
|  49|0x00000000c4b00000, 0x00000000c4b00000, 0x00000000c4c00000|  0%| F|  |TAMS 0x00000000c4b00000, 0x00000000c4b00000| Untracked 
|  50|0x00000000c4c00000, 0x00000000c4c00000, 0x00000000c4d00000|  0%| F|  |TAMS 0x00000000c4c00000, 0x00000000c4c00000| Untracked 
|  51|0x00000000c4d00000, 0x00000000c4d00000, 0x00000000c4e00000|  0%| F|  |TAMS 0x00000000c4d00000, 0x00000000c4d00000| Untracked 
|  52|0x00000000c4e00000, 0x00000000c4e00000, 0x00000000c4f00000|  0%| F|  |TAMS 0x00000000c4e00000, 0x00000000c4e00000| Untracked 
|  53|0x00000000c4f00000, 0x00000000c4f00000, 0x00000000c5000000|  0%| F|  |TAMS 0x00000000c4f00000, 0x00000000c4f00000| Untracked 
|  54|0x00000000c5000000, 0x00000000c5000000, 0x00000000c5100000|  0%| F|  |TAMS 0x00000000c5000000, 0x00000000c5000000| Untracked 
|  55|0x00000000c5100000, 0x00000000c5100000, 0x00000000c5200000|  0%| F|  |TAMS 0x00000000c5100000, 0x00000000c5100000| Untracked 
|  56|0x00000000c5200000, 0x00000000c5200000, 0x00000000c5300000|  0%| F|  |TAMS 0x00000000c5200000, 0x00000000c5200000| Untracked 
|  57|0x00000000c5300000, 0x00000000c5300000, 0x00000000c5400000|  0%| F|  |TAMS 0x00000000c5300000, 0x00000000c5300000| Untracked 
|  58|0x00000000c5400000, 0x00000000c5400000, 0x00000000c5500000|  0%| F|  |TAMS 0x00000000c5400000, 0x00000000c5400000| Untracked 
|  59|0x00000000c5500000, 0x00000000c5500000, 0x00000000c5600000|  0%| F|  |TAMS 0x00000000c5500000, 0x00000000c5500000| Untracked 
|  60|0x00000000c5600000, 0x00000000c5600000, 0x00000000c5700000|  0%| F|  |TAMS 0x00000000c5600000, 0x00000000c5600000| Untracked 
|  61|0x00000000c5700000, 0x00000000c5800000, 0x00000000c5800000|100%| E|  |TAMS 0x00000000c5700000, 0x00000000c5700000| Complete 
|  62|0x00000000c5800000, 0x00000000c5900000, 0x00000000c5900000|100%| E|CS|TAMS 0x00000000c5800000, 0x00000000c5800000| Complete 
|  63|0x00000000c5900000, 0x00000000c5a00000, 0x00000000c5a00000|100%| E|CS|TAMS 0x00000000c5900000, 0x00000000c5900000| Complete 

Card table byte_map: [0x000002327ebc0000,0x000002327edc0000] _byte_map_base: 0x000002327e5b3000

Marking Bits (Prev, Next): (CMBitMap*) 0x000002327624e158, (CMBitMap*) 0x000002327624e198
 Prev Bits: [0x000002327efc0000, 0x000002327ff58000)
 Next Bits: [0x000002320f000000, 0x000002320ff98000)

Polling page: 0x0000023274110000

Metaspace:

Usage:
  Non-class:      4.03 MB capacity,   868.41 KB ( 21%) used,     3.18 MB ( 79%) free+waste,     1.75 KB ( <1%) overhead. 
      Class:    399.00 KB capacity,    87.47 KB ( 22%) used,   310.53 KB ( 78%) free+waste,     1.00 KB ( <1%) overhead. 
       Both:      4.42 MB capacity,   955.88 KB ( 21%) used,     3.48 MB ( 79%) free+waste,     2.75 KB ( <1%) overhead. 

Virtual space:
  Non-class space:        8.00 MB reserved,       4.25 MB ( 53%) committed 
      Class space:        1.00 GB reserved,     512.00 KB ( <1%) committed 
             Both:        1.01 GB reserved,       4.75 MB ( <1%) committed 

Chunk freelists:
   Non-Class:  0 bytes
       Class:  0 bytes
        Both:  0 bytes

MaxMetaspaceSize: 17179869184.00 GB
CompressedClassSpaceSize: 1.00 GB

CodeHeap 'non-profiled nmethods': size=120000Kb used=72Kb max_used=72Kb free=119927Kb
 bounds [0x0000023207ad0000, 0x0000023207d40000, 0x000002320f000000]
CodeHeap 'profiled nmethods': size=120000Kb used=267Kb max_used=267Kb free=119732Kb
 bounds [0x00000232005a0000, 0x0000023200810000, 0x0000023207ad0000]
CodeHeap 'non-nmethods': size=5760Kb used=1199Kb max_used=1211Kb free=4560Kb
 bounds [0x0000023200000000, 0x0000023200270000, 0x00000232005a0000]
 total_blobs=579 nmethods=226 adapters=266
 compilation: enabled
              stopped_count=0, restarted_count=0
 full_count=0

Compilation events (20 events):
Event: 30.719 Thread 0x00000232124bb000  216       3       java.lang.StringUTF16::compress (50 bytes)
Event: 30.720 Thread 0x00000232124bb000 nmethod 216 0x00000232005e0e10 code [0x00000232005e0fc0, 0x00000232005e11f8]
Event: 30.834 Thread 0x000002321244f800  224       4       java.lang.CharacterDataLatin1::getProperties (11 bytes)
Event: 30.835 Thread 0x000002321244f800 nmethod 224 0x0000023207ae1890 code [0x0000023207ae1a20, 0x0000023207ae1ad8]
Event: 33.820 Thread 0x00000232124bb000  219       3       java.lang.CharacterDataLatin1::toUpperCaseEx (71 bytes)
Event: 33.822 Thread 0x00000232124bb000 nmethod 219 0x00000232005e1390 code [0x00000232005e1540, 0x00000232005e1818]
Event: 33.822 Thread 0x00000232124bb000  221       3       jdk.internal.misc.Unsafe::putReferenceRelease (9 bytes)
Event: 33.822 Thread 0x00000232124bb000 nmethod 221 0x00000232005e1990 code [0x00000232005e1b20, 0x00000232005e1c98]
Event: 33.822 Thread 0x00000232124bb000  223       3       java.util.concurrent.ConcurrentHashMap::setTabAt (20 bytes)
Event: 33.823 Thread 0x00000232124bb000 nmethod 223 0x00000232005e1d10 code [0x00000232005e1ec0, 0x00000232005e20d8]
Event: 33.823 Thread 0x00000232124bb000  218       3       java.lang.AbstractStringBuilder::newCapacity (55 bytes)
Event: 33.823 Thread 0x00000232124bb000 nmethod 218 0x00000232005e2190 code [0x00000232005e2340, 0x00000232005e25a8]
Event: 33.823 Thread 0x00000232124bb000  217       1       java.util.LinkedHashMap::removeEldestEntry (2 bytes)
Event: 33.823 Thread 0x00000232124bb000 nmethod 217 0x0000023207ae1b90 code [0x0000023207ae1d20, 0x0000023207ae1df8]
Event: 33.823 Thread 0x00000232124bb000  220       1       sun.util.locale.BaseLocale::getLanguage (5 bytes)
Event: 33.823 Thread 0x00000232124bb000 nmethod 220 0x0000023207ae1e90 code [0x0000023207ae2020, 0x0000023207ae20f8]
Event: 34.107 Thread 0x00000232124bb000  226       3       sun.security.util.ObjectIdentifier::pack7Oid (42 bytes)
Event: 34.108 Thread 0x00000232124bb000 nmethod 226 0x00000232005e2690 code [0x00000232005e2840, 0x00000232005e2a48]
Event: 34.108 Thread 0x00000232124bb000  225       3       java.lang.Number::<init> (5 bytes)
Event: 34.108 Thread 0x00000232124bb000 nmethod 225 0x00000232005e2b10 code [0x00000232005e2ca0, 0x00000232005e2e18]

GC Heap History (0 events):
No events

Deoptimization events (4 events):
Event: 19.553 Thread 0x000002327621c800 Uncommon trap: trap_request=0xffffff45 fr.pc=0x0000023207adb718 relative=0x0000000000000838
Event: 19.553 Thread 0x000002327621c800 Uncommon trap: reason=unstable_if action=reinterpret pc=0x0000023207adb718 method=java.util.HashMap.putVal(ILjava/lang/Object;Ljava/lang/Object;ZZ)Ljava/lang/Object; @ 69 c2
Event: 19.553 Thread 0x000002327621c800 DEOPT PACKING pc=0x0000023207adb718 sp=0x00000063ca6fe880
Event: 19.553 Thread 0x000002327621c800 DEOPT UNPACKING pc=0x000002320004912f sp=0x00000063ca6fe840 mode 2

Classes unloaded (0 events):
No events

Classes redefined (0 events):
No events

Internal exceptions (0 events):
No events

Events (20 events):
Event: 34.085 loading class java/security/cert/CertificateFactory done
Event: 34.085 loading class java/security/cert/CertificateFactorySpi
Event: 34.085 loading class java/security/cert/CertificateFactorySpi done
Event: 34.085 loading class sun/security/jca/GetInstance
Event: 34.085 loading class sun/security/jca/GetInstance done
Event: 34.086 loading class sun/security/provider/X509Factory
Event: 34.086 loading class sun/security/provider/X509Factory done
Event: 34.086 loading class sun/security/util/Cache
Event: 34.086 loading class sun/security/util/Cache done
Event: 34.087 loading class sun/security/util/MemoryCache
Event: 34.087 loading class sun/security/util/MemoryCache done
Event: 34.087 loading class sun/security/jca/GetInstance$Instance
Event: 34.087 loading class sun/security/jca/GetInstance$Instance done
Event: 34.088 loading class java/security/cert/X509Certificate
Event: 34.088 loading class java/security/cert/X509Extension
Event: 34.088 loading class java/security/cert/X509Extension done
Event: 34.088 loading class java/security/cert/X509Certificate done
Event: 34.088 loading class sun/security/util/Cache$EqualByteArray
Event: 34.088 loading class sun/security/util/Cache$EqualByteArray done
Event: 34.089 loading class sun/security/x509/X509CertImpl


Dynamic libraries:
0x00007ff78b3f0000 - 0x00007ff78b3ff000 	C:\Program Files\Java\jdk-14.0.2\bin\javaw.exe
0x00007ff965fa0000 - 0x00007ff966190000 	C:\WINDOWS\SYSTEM32\ntdll.dll
0x00007ff9644a0000 - 0x00007ff964552000 	C:\WINDOWS\System32\KERNEL32.DLL
0x00007ff963bd0000 - 0x00007ff963e75000 	C:\WINDOWS\System32\KERNELBASE.dll
0x00007ff9632c0000 - 0x00007ff9633ba000 	C:\WINDOWS\System32\ucrtbase.dll
0x00007ff95fe50000 - 0x00007ff95fe68000 	C:\Program Files\Java\jdk-14.0.2\bin\jli.dll
0x00007ff9647d0000 - 0x00007ff964873000 	C:\WINDOWS\System32\ADVAPI32.dll
0x00007ff964880000 - 0x00007ff96491e000 	C:\WINDOWS\System32\msvcrt.dll
0x00007ff964920000 - 0x00007ff9649b7000 	C:\WINDOWS\System32\sechost.dll
0x00007ff9649c0000 - 0x00007ff964ae0000 	C:\WINDOWS\System32\RPCRT4.dll
0x00007ff964150000 - 0x00007ff9642e4000 	C:\WINDOWS\System32\USER32.dll
0x00007ff963290000 - 0x00007ff9632b1000 	C:\WINDOWS\System32\win32u.dll
0x00007ff964050000 - 0x00007ff964076000 	C:\WINDOWS\System32\GDI32.dll
0x00007ff9630f0000 - 0x00007ff963286000 	C:\WINDOWS\System32\gdi32full.dll
0x00007ff962f40000 - 0x00007ff962fde000 	C:\WINDOWS\System32\msvcp_win.dll
0x00007ff960320000 - 0x00007ff960335000 	C:\Program Files\Java\jdk-14.0.2\bin\VCRUNTIME140.dll
0x00007ff955d40000 - 0x00007ff955fc4000 	C:\WINDOWS\WinSxS\amd64_microsoft.windows.common-controls_6595b64144ccf1df_6.0.18362.1198_none_9e820b57e45ad92f\COMCTL32.dll
0x00007ff965c20000 - 0x00007ff965f55000 	C:\WINDOWS\System32\combase.dll
0x00007ff963b50000 - 0x00007ff963bd0000 	C:\WINDOWS\System32\bcryptPrimitives.dll
0x00007ff957770000 - 0x00007ff95777a000 	C:\WINDOWS\SYSTEM32\VERSION.dll
0x00007ff964ae0000 - 0x00007ff964b0e000 	C:\WINDOWS\System32\IMM32.DLL
0x00007ff9429d0000 - 0x00007ff942a6b000 	C:\Program Files\Java\jdk-14.0.2\bin\msvcp140.dll
0x00007ff927890000 - 0x00007ff9283ae000 	C:\Program Files\Java\jdk-14.0.2\bin\server\jvm.dll
0x00007ff965990000 - 0x00007ff965998000 	C:\WINDOWS\System32\PSAPI.DLL
0x00007ff95e320000 - 0x00007ff95e344000 	C:\WINDOWS\SYSTEM32\WINMM.dll
0x00007ff95e2f0000 - 0x00007ff95e31d000 	C:\WINDOWS\SYSTEM32\WINMMBASE.dll
0x00007ff963e80000 - 0x00007ff963eca000 	C:\WINDOWS\System32\cfgmgr32.dll
0x00007ff95d4e0000 - 0x00007ff95d4e9000 	C:\WINDOWS\SYSTEM32\WSOCK32.dll
0x00000232740a0000 - 0x000002327410f000 	C:\WINDOWS\System32\ws2_32.DLL
0x00007ff962ed0000 - 0x00007ff962ee1000 	C:\WINDOWS\System32\kernel.appcore.dll
0x00007ff95d190000 - 0x00007ff95d19a000 	C:\Program Files\Java\jdk-14.0.2\bin\jimage.dll
0x00007ff959e90000 - 0x00007ff95a084000 	C:\WINDOWS\SYSTEM32\DBGHELP.DLL
0x00007ff95a5e0000 - 0x00007ff95a60a000 	C:\WINDOWS\SYSTEM32\dbgcore.DLL
0x00007ff948060000 - 0x00007ff948098000 	C:\Program Files\Java\jdk-14.0.2\bin\jdwp.dll
0x00007ff94e630000 - 0x00007ff94e655000 	C:\Program Files\Java\jdk-14.0.2\bin\java.dll
0x00007ff960490000 - 0x00007ff96049e000 	C:\Program Files\Java\jdk-14.0.2\bin\instrument.dll
0x00007ff9531d0000 - 0x00007ff9531e6000 	C:\Program Files\Java\jdk-14.0.2\bin\zip.dll
0x00007ff964b10000 - 0x00007ff9651f7000 	C:\WINDOWS\System32\SHELL32.dll
0x00007ff965870000 - 0x00007ff965919000 	C:\WINDOWS\System32\shcore.dll
0x00007ff9633c0000 - 0x00007ff963b41000 	C:\WINDOWS\System32\windows.storage.dll
0x00007ff962ef0000 - 0x00007ff962f13000 	C:\WINDOWS\System32\profapi.dll
0x00007ff962e80000 - 0x00007ff962eca000 	C:\WINDOWS\System32\powrprof.dll
0x00007ff962e50000 - 0x00007ff962e60000 	C:\WINDOWS\System32\UMPDC.dll
0x00007ff965a00000 - 0x00007ff965a52000 	C:\WINDOWS\System32\shlwapi.dll
0x00007ff962f20000 - 0x00007ff962f37000 	C:\WINDOWS\System32\cryptsp.dll
0x00007ff9603a0000 - 0x00007ff9603ab000 	C:\Program Files\Java\jdk-14.0.2\bin\dt_socket.dll
0x00007ff962350000 - 0x00007ff96238a000 	C:\WINDOWS\SYSTEM32\IPHLPAPI.DLL
0x00007ff962640000 - 0x00007ff9626a7000 	C:\WINDOWS\system32\mswsock.dll
0x00007ff962390000 - 0x00007ff96245b000 	C:\WINDOWS\SYSTEM32\DNSAPI.dll
0x00007ff964560000 - 0x00007ff964568000 	C:\WINDOWS\System32\NSI.dll
0x00007ff95c020000 - 0x00007ff95c02a000 	C:\Windows\System32\rasadhlp.dll
0x00007ff95b410000 - 0x00007ff95b487000 	C:\WINDOWS\System32\fwpuclnt.dll
0x00007ff964020000 - 0x00007ff964046000 	C:\WINDOWS\System32\bcrypt.dll
0x00007ff94e150000 - 0x00007ff94e169000 	C:\Program Files\Java\jdk-14.0.2\bin\net.dll
0x00007ff95c950000 - 0x00007ff95ca40000 	C:\WINDOWS\SYSTEM32\WINHTTP.dll
0x00007ff94c020000 - 0x00007ff94c032000 	C:\Program Files\Java\jdk-14.0.2\bin\nio.dll

dbghelp: loaded successfully - version: 4.0.5 - missing functions: none
symbol engine: initialized successfully - sym options: 0x614 - pdb path: .;C:\Program Files\Java\jdk-14.0.2\bin;C:\WINDOWS\SYSTEM32;C:\WINDOWS\WinSxS\amd64_microsoft.windows.common-controls_6595b64144ccf1df_6.0.18362.1198_none_9e820b57e45ad92f;C:\Program Files\Java\jdk-14.0.2\bin\server

VM Arguments:
jvm_args: -agentlib:jdwp=transport=dt_socket,suspend=y,address=localhost:56761 -javaagent:C:\Users\Neha Narain\eclipse\java-2020-06\eclipse\configuration\org.eclipse.osgi\222\0\.cp\lib\javaagent-shaded.jar -Dfile.encoding=Cp1252 
java_command: Test.Scope
java_class_path (initial): D:\selenium scratch\Introduction\bin;C:\Users\Neha Narain\Downloads\selenium-java-3.141.59\client-combined-3.141.59.jar;C:\Users\Neha Narain\Downloads\selenium-java-3.141.59\client-combined-3.141.59-sources.jar;C:\Users\Neha Narain\Downloads\selenium-java-3.141.59\libs\byte-buddy-1.8.15.jar;C:\Users\Neha Narain\Downloads\selenium-java-3.141.59\libs\commons-exec-1.3.jar;C:\Users\Neha Narain\Downloads\selenium-java-3.141.59\libs\guava-25.0-jre.jar;C:\Users\Neha Narain\Downloads\selenium-java-3.141.59\libs\okhttp-3.11.0.jar;C:\Users\Neha Narain\Downloads\selenium-java-3.141.59\libs\okio-1.14.0.jar;C:\Users\Neha Narain\Downloads\testng-6.7.jar
Launcher Type: SUN_STANDARD

[Global flags]
     intx CICompilerCount                          = 3                                         {product} {ergonomic}
     uint ConcGCThreads                            = 1                                         {product} {ergonomic}
     uint G1ConcRefinementThreads                  = 4                                         {product} {ergonomic}
   size_t G1HeapRegionSize                         = 1048576                                   {product} {ergonomic}
    uintx GCDrainStackTargetSize                   = 64                                        {product} {ergonomic}
   size_t InitialHeapSize                          = 67108864                                  {product} {ergonomic}
   size_t MarkStackSize                            = 4194304                                   {product} {ergonomic}
   size_t MaxHeapSize                              = 1046478848                                {product} {ergonomic}
   size_t MaxNewSize                               = 627048448                                 {product} {ergonomic}
   size_t MinHeapDeltaBytes                        = 1048576                                   {product} {ergonomic}
   size_t MinHeapSize                              = 8388608                                   {product} {ergonomic}
    uintx NonNMethodCodeHeapSize                   = 5832780                                {pd product} {ergonomic}
    uintx NonProfiledCodeHeapSize                  = 122912730                              {pd product} {ergonomic}
    uintx ProfiledCodeHeapSize                     = 122912730                              {pd product} {ergonomic}
    uintx ReservedCodeCacheSize                    = 251658240                              {pd product} {ergonomic}
     bool SegmentedCodeCache                       = true                                      {product} {ergonomic}
   size_t SoftMaxHeapSize                          = 1046478848                             {manageable} {ergonomic}
     bool UseCompressedClassPointers               = true                                 {lp64_product} {ergonomic}
     bool UseCompressedOops                        = true                                 {lp64_product} {ergonomic}
     bool UseG1GC                                  = true                                      {product} {ergonomic}
     bool UseLargePagesIndividualAllocation        = false                                  {pd product} {ergonomic}

Logging:
Log output configuration:
 #0: stdout all=warning uptime,level,tags
 #1: stderr all=off uptime,level,tags

Environment Variables:
JAVA_HOME=C:\Program Files\Java\jdk-14.0.2
PATH=C:/Program Files/Java/jdk-14.0.2/bin/server;C:/Program Files/Java/jdk-14.0.2/bin;C:\Program Files\Common Files\Oracle\Java\javapath;C:\WINDOWS\system32;C:\WINDOWS;C:\WINDOWS\System32\Wbem;C:\WINDOWS\System32\WindowsPowerShell\v1.0\;C:\WINDOWS\System32\OpenSSH\;C:\Program Files\Java\jdk-14.0.2\bin;C:\Program Files\Java\jdk-11.0.8\bin;C:\Users\Neha Narain\AppData\Local\Android\Sdk\tools;C:\Users\Neha Narain\AppData\Local\Android\Sdk\tools\bin;C:\Users\Neha Narain\AppData\Local\Android\Sdk\platform-tools;C:\Users\Neha Narain\AppData\Local\Android;C:\Program Files\nodejs\;C:\Program Files\Microsoft SQL Server\Client SDK\ODBC\170\Tools\Binn\;C:\Program Files (x86)\Microsoft SQL Server\150\Tools\Binn\;C:\Program Files\Microsoft SQL Server\150\Tools\Binn\;C:\Program Files\Microsoft SQL Server\150\DTS\Binn\;C:\Users\Neha Narain\AppData\Local\Microsoft\WindowsApps;C:\Users\Neha Narain\AppData\Roaming\npm;C:\Users\Neha Narain\eclipse\java-2020-06\eclipse;
USERNAME=Neha Narain
OS=Windows_NT
PROCESSOR_IDENTIFIER=Intel64 Family 6 Model 58 Stepping 9, GenuineIntel



---------------  S Y S T E M  ---------------

OS: Windows 10 , 64 bit Build 18362 (10.0.18362.1110)
OS uptime: 14 days 21:23 hours

CPU:total 4 (initial active 4) (2 cores per cpu, 2 threads per core) family 6 model 58 stepping 9, cmov, cx8, fxsr, mmx, sse, sse2, sse3, ssse3, sse4.1, sse4.2, popcnt, avx, clmul, erms, ht, tsc, tscinvbit, tscinv

Memory: 4k page, system-wide physical 3989M (241M free)
TotalPageFile size 16225M (AvailPageFile size 300M)
current process WorkingSet (physical memory assigned to process): 34M, peak: 34M
current process commit charge ("private bytes"): 140M, peak: 140M

vm_info: Java HotSpot(TM) 64-Bit Server VM (14.0.2+12-46) for windows-amd64 JRE (14.0.2+12-46), built on Jul  9 2020 00:35:52 by "mach5one" with MS VC++ 15.9 (VS2017)

END.
