#
# There is insufficient memory for the Java Runtime Environment to continue.
# Native memory allocation (malloc) failed to allocate 368656 bytes for Chunk::new
# Possible reasons:
#   The system is out of physical RAM or swap space
#   The process is running with CompressedOops enabled, and the Java Heap may be blocking the growth of the native heap
# Possible solutions:
#   Reduce memory load on the system
#   Increase physical memory or swap space
#   Check if swap backing store is full
#   Decrease Java heap size (-Xmx/-Xms)
#   Decrease number of Java threads
#   Decrease Java thread stack sizes (-Xss)
#   Set larger code cache with -XX:ReservedCodeCacheSize=
#   JVM is running with Unscaled Compressed Oops mode in which the Java heap is
#     placed in the first 4GB address space. The Java Heap base address is the
#     maximum limit for the native heap growth. Please use -XX:HeapBaseMinAddress
#     to set the Java Heap base and to place the Java Heap above 4GB virtual address.
# This output file may be truncated or incomplete.
#
#  Out of Memory Error (./open/src/hotspot/share/memory/arena.cpp:195), pid=40072, tid=40120
#
# JRE version:  (14.0.2+12) (build )
# Java VM: Java HotSpot(TM) 64-Bit Server VM (14.0.2+12-46, mixed mode, sharing, tiered, compressed oops, g1 gc, windows-amd64)
# No core dump will be written. Minidumps are not enabled by default on client versions of Windows
#

---------------  S U M M A R Y ------------

Command Line: -agentlib:jdwp=transport=dt_socket,suspend=y,address=localhost:56792 -javaagent:C:\Users\Neha Narain\eclipse\java-2020-06\eclipse\configuration\org.eclipse.osgi\222\0\.cp\lib\javaagent-shaded.jar -Dfile.encoding=Cp1252 Test.Scope

Host: Intel(R) Core(TM) i3-3110M CPU @ 2.40GHz, 4 cores, 3G,  Windows 10 , 64 bit Build 18362 (10.0.18362.1110)
Time: Fri Dec  4 14:29:25 2020 Pacific Standard Time elapsed time: 37 seconds (0d 0h 0m 37s)

---------------  T H R E A D  ---------------

Current thread (0x0000019f459cc800):  JavaThread "Unknown thread" [_thread_in_vm, id=40120, stack(0x000000294bc00000,0x000000294bd00000)]

Stack: [0x000000294bc00000,0x000000294bd00000]
Native frames: (J=compiled Java code, j=interpreted, Vv=VM code, C=native code)
V  [jvm.dll+0x5f8a9a]
V  [jvm.dll+0x74247a]
V  [jvm.dll+0x743c2f]
V  [jvm.dll+0x744273]
V  [jvm.dll+0x20d288]
V  [jvm.dll+0xabb07]
V  [jvm.dll+0xab833]
V  [jvm.dll+0x6c17e8]
V  [jvm.dll+0x5a819f]
V  [jvm.dll+0x71feae]
V  [jvm.dll+0x321c14]
V  [jvm.dll+0x70112c]
V  [jvm.dll+0x392def]
V  [jvm.dll+0x394e61]
C  [jli.dll+0x524b]
C  [ucrtbase.dll+0x210b2]
C  [KERNEL32.DLL+0x17c24]
C  [ntdll.dll+0x6d4d1]


---------------  P R O C E S S  ---------------

Threads class SMR info:
_java_thread_list=0x00007ff928313038, length=0, elements={
}

Java Threads: ( => current thread )

Other Threads:
  0x0000019f459fd800 GCTaskThread "GC Thread#0" [stack: 0x000000294bd00000,0x000000294be00000] [id=42744]
  0x0000019f45a06800 ConcurrentGCThread "G1 Main Marker" [stack: 0x000000294be00000,0x000000294bf00000] [id=42748]
  0x0000019f45a0b000 ConcurrentGCThread "G1 Conc#0" [stack: 0x000000294bf00000,0x000000294c000000] [id=42752]
  0x0000019f45a5e800 ConcurrentGCThread "G1 Refine#0" [stack: 0x000000294c000000,0x000000294c100000] [id=42768]
  0x0000019f45a5f800 ConcurrentGCThread "G1 Young RemSet Sampling" [stack: 0x000000294c100000,0x000000294c200000] [id=42772]

=>0x0000019f459cc800 (exited) JavaThread "Unknown thread" [_thread_in_vm, id=40120, stack(0x000000294bc00000,0x000000294bd00000)]

Threads with active compile tasks:

VM state:not at safepoint (not fully initialized)

VM Mutex/Monitor currently owned by a thread: None

Heap address: 0x00000000c1a00000, size: 998 MB, Compressed Oops mode: 32-bit
Narrow klass base: 0x0000019f00000000, Narrow klass shift: 3
Compressed class space size: 1073741824 Address: 0x0000019f00b30000

GC Heap History (0 events):
No events

Deoptimization events (0 events):
No events

Classes unloaded (0 events):
No events

Classes redefined (0 events):
No events

Internal exceptions (0 events):
No events

Events (2 events):
Event: 3.379 Loaded shared library C:\Program Files\Java\jdk-14.0.2\bin\java.dll
Event: 3.380 Loaded shared library C:\Program Files\Java\jdk-14.0.2\bin\zip.dll


Dynamic libraries:
0x00007ff78b3f0000 - 0x00007ff78b3ff000 	C:\Program Files\Java\jdk-14.0.2\bin\javaw.exe
0x00007ff965fa0000 - 0x00007ff966190000 	C:\WINDOWS\SYSTEM32\ntdll.dll
0x00007ff9644a0000 - 0x00007ff964552000 	C:\WINDOWS\System32\KERNEL32.DLL
0x00007ff963bd0000 - 0x00007ff963e75000 	C:\WINDOWS\System32\KERNELBASE.dll
0x00007ff9632c0000 - 0x00007ff9633ba000 	C:\WINDOWS\System32\ucrtbase.dll
0x00007ff95fe50000 - 0x00007ff95fe68000 	C:\Program Files\Java\jdk-14.0.2\bin\jli.dll
0x00007ff9647d0000 - 0x00007ff964873000 	C:\WINDOWS\System32\ADVAPI32.dll
0x00007ff964880000 - 0x00007ff96491e000 	C:\WINDOWS\System32\msvcrt.dll
0x00007ff964920000 - 0x00007ff9649b7000 	C:\WINDOWS\System32\sechost.dll
0x00007ff9649c0000 - 0x00007ff964ae0000 	C:\WINDOWS\System32\RPCRT4.dll
0x00007ff964150000 - 0x00007ff9642e4000 	C:\WINDOWS\System32\USER32.dll
0x00007ff963290000 - 0x00007ff9632b1000 	C:\WINDOWS\System32\win32u.dll
0x00007ff964050000 - 0x00007ff964076000 	C:\WINDOWS\System32\GDI32.dll
0x00007ff9630f0000 - 0x00007ff963286000 	C:\WINDOWS\System32\gdi32full.dll
0x00007ff962f40000 - 0x00007ff962fde000 	C:\WINDOWS\System32\msvcp_win.dll
0x00007ff960320000 - 0x00007ff960335000 	C:\Program Files\Java\jdk-14.0.2\bin\VCRUNTIME140.dll
0x00007ff955d40000 - 0x00007ff955fc4000 	C:\WINDOWS\WinSxS\amd64_microsoft.windows.common-controls_6595b64144ccf1df_6.0.18362.1198_none_9e820b57e45ad92f\COMCTL32.dll
0x00007ff965c20000 - 0x00007ff965f55000 	C:\WINDOWS\System32\combase.dll
0x00007ff963b50000 - 0x00007ff963bd0000 	C:\WINDOWS\System32\bcryptPrimitives.dll
0x00007ff957770000 - 0x00007ff95777a000 	C:\WINDOWS\SYSTEM32\VERSION.dll
0x00007ff964ae0000 - 0x00007ff964b0e000 	C:\WINDOWS\System32\IMM32.DLL
0x00007ff9429d0000 - 0x00007ff942a6b000 	C:\Program Files\Java\jdk-14.0.2\bin\msvcp140.dll
0x00007ff927890000 - 0x00007ff9283ae000 	C:\Program Files\Java\jdk-14.0.2\bin\server\jvm.dll
0x00007ff965990000 - 0x00007ff965998000 	C:\WINDOWS\System32\PSAPI.DLL
0x00007ff95d4e0000 - 0x00007ff95d4e9000 	C:\WINDOWS\SYSTEM32\WSOCK32.dll
0x00007ff965920000 - 0x00007ff96598f000 	C:\WINDOWS\System32\WS2_32.dll
0x00007ff95e320000 - 0x00007ff95e344000 	C:\WINDOWS\SYSTEM32\WINMM.dll
0x00007ff95e2f0000 - 0x00007ff95e31d000 	C:\WINDOWS\SYSTEM32\WINMMBASE.dll
0x00007ff963e80000 - 0x00007ff963eca000 	C:\WINDOWS\System32\cfgmgr32.dll
0x00007ff962ed0000 - 0x00007ff962ee1000 	C:\WINDOWS\System32\kernel.appcore.dll
0x00007ff95d190000 - 0x00007ff95d19a000 	C:\Program Files\Java\jdk-14.0.2\bin\jimage.dll
0x00007ff959e90000 - 0x00007ff95a084000 	C:\WINDOWS\SYSTEM32\DBGHELP.DLL
0x00007ff95a5e0000 - 0x00007ff95a60a000 	C:\WINDOWS\SYSTEM32\dbgcore.DLL
0x00007ff948060000 - 0x00007ff948098000 	C:\Program Files\Java\jdk-14.0.2\bin\jdwp.dll
0x00007ff94e630000 - 0x00007ff94e655000 	C:\Program Files\Java\jdk-14.0.2\bin\java.dll
0x00007ff960490000 - 0x00007ff96049e000 	C:\Program Files\Java\jdk-14.0.2\bin\instrument.dll
0x00007ff9531d0000 - 0x00007ff9531e6000 	C:\Program Files\Java\jdk-14.0.2\bin\zip.dll

dbghelp: loaded successfully - version: 4.0.5 - missing functions: none
symbol engine: initialized successfully - sym options: 0x614 - pdb path: .;C:\Program Files\Java\jdk-14.0.2\bin;C:\WINDOWS\SYSTEM32;C:\WINDOWS\WinSxS\amd64_microsoft.windows.common-controls_6595b64144ccf1df_6.0.18362.1198_none_9e820b57e45ad92f;C:\Program Files\Java\jdk-14.0.2\bin\server

VM Arguments:
jvm_args: -agentlib:jdwp=transport=dt_socket,suspend=y,address=localhost:56792 -javaagent:C:\Users\Neha Narain\eclipse\java-2020-06\eclipse\configuration\org.eclipse.osgi\222\0\.cp\lib\javaagent-shaded.jar -Dfile.encoding=Cp1252 
java_command: Test.Scope
java_class_path (initial): D:\selenium scratch\Introduction\bin;C:\Users\Neha Narain\Downloads\selenium-java-3.141.59\client-combined-3.141.59.jar;C:\Users\Neha Narain\Downloads\selenium-java-3.141.59\client-combined-3.141.59-sources.jar;C:\Users\Neha Narain\Downloads\selenium-java-3.141.59\libs\byte-buddy-1.8.15.jar;C:\Users\Neha Narain\Downloads\selenium-java-3.141.59\libs\commons-exec-1.3.jar;C:\Users\Neha Narain\Downloads\selenium-java-3.141.59\libs\guava-25.0-jre.jar;C:\Users\Neha Narain\Downloads\selenium-java-3.141.59\libs\okhttp-3.11.0.jar;C:\Users\Neha Narain\Downloads\selenium-java-3.141.59\libs\okio-1.14.0.jar;C:\Users\Neha Narain\Downloads\testng-6.7.jar
Launcher Type: SUN_STANDARD

[Global flags]
     intx CICompilerCount                          = 3                                         {product} {ergonomic}
     uint ConcGCThreads                            = 1                                         {product} {ergonomic}
     uint G1ConcRefinementThreads                  = 4                                         {product} {ergonomic}
   size_t G1HeapRegionSize                         = 1048576                                   {product} {ergonomic}
    uintx GCDrainStackTargetSize                   = 64                                        {product} {ergonomic}
   size_t InitialHeapSize                          = 67108864                                  {product} {ergonomic}
   size_t MarkStackSize                            = 4194304                                   {product} {ergonomic}
   size_t MaxHeapSize                              = 1046478848                                {product} {ergonomic}
   size_t MaxNewSize                               = 627048448                                 {product} {ergonomic}
   size_t MinHeapDeltaBytes                        = 1048576                                   {product} {ergonomic}
   size_t MinHeapSize                              = 8388608                                   {product} {ergonomic}
    uintx NonNMethodCodeHeapSize                   = 5832780                                {pd product} {ergonomic}
    uintx NonProfiledCodeHeapSize                  = 122912730                              {pd product} {ergonomic}
    uintx ProfiledCodeHeapSize                     = 122912730                              {pd product} {ergonomic}
    uintx ReservedCodeCacheSize                    = 251658240                              {pd product} {ergonomic}
     bool SegmentedCodeCache                       = true                                      {product} {ergonomic}
   size_t SoftMaxHeapSize                          = 1046478848                             {manageable} {ergonomic}
     bool UseCompressedClassPointers               = true                                 {lp64_product} {ergonomic}
     bool UseCompressedOops                        = true                                 {lp64_product} {ergonomic}
     bool UseG1GC                                  = true                                      {product} {ergonomic}
     bool UseLargePagesIndividualAllocation        = false                                  {pd product} {ergonomic}

Logging:
Log output configuration:
 #0: stdout all=warning uptime,level,tags
 #1: stderr all=off uptime,level,tags

Environment Variables:
JAVA_HOME=C:\Program Files\Java\jdk-14.0.2
PATH=C:/Program Files/Java/jdk-14.0.2/bin/server;C:/Program Files/Java/jdk-14.0.2/bin;C:\Program Files\Common Files\Oracle\Java\javapath;C:\WINDOWS\system32;C:\WINDOWS;C:\WINDOWS\System32\Wbem;C:\WINDOWS\System32\WindowsPowerShell\v1.0\;C:\WINDOWS\System32\OpenSSH\;C:\Program Files\Java\jdk-14.0.2\bin;C:\Program Files\Java\jdk-11.0.8\bin;C:\Users\Neha Narain\AppData\Local\Android\Sdk\tools;C:\Users\Neha Narain\AppData\Local\Android\Sdk\tools\bin;C:\Users\Neha Narain\AppData\Local\Android\Sdk\platform-tools;C:\Users\Neha Narain\AppData\Local\Android;C:\Program Files\nodejs\;C:\Program Files\Microsoft SQL Server\Client SDK\ODBC\170\Tools\Binn\;C:\Program Files (x86)\Microsoft SQL Server\150\Tools\Binn\;C:\Program Files\Microsoft SQL Server\150\Tools\Binn\;C:\Program Files\Microsoft SQL Server\150\DTS\Binn\;C:\Users\Neha Narain\AppData\Local\Microsoft\WindowsApps;C:\Users\Neha Narain\AppData\Roaming\npm;C:\Users\Neha Narain\eclipse\java-2020-06\eclipse;
USERNAME=Neha Narain
OS=Windows_NT
PROCESSOR_IDENTIFIER=Intel64 Family 6 Model 58 Stepping 9, GenuineIntel



---------------  S Y S T E M  ---------------

OS: Windows 10 , 64 bit Build 18362 (10.0.18362.1110)
OS uptime: 14 days 21:23 hours

CPU:total 4 (initial active 4) (2 cores per cpu, 2 threads per core) family 6 model 58 stepping 9, cmov, cx8, fxsr, mmx, sse, sse2, sse3, ssse3, sse4.1, sse4.2, popcnt, avx, clmul, erms, ht, tsc, tscinvbit, tscinv

Memory: 4k page, system-wide physical 3989M (237M free)
TotalPageFile size 16225M (AvailPageFile size 294M)
current process WorkingSet (physical memory assigned to process): 22M, peak: 22M
current process commit charge ("private bytes"): 130M, peak: 130M

vm_info: Java HotSpot(TM) 64-Bit Server VM (14.0.2+12-46) for windows-amd64 JRE (14.0.2+12-46), built on Jul  9 2020 00:35:52 by "mach5one" with MS VC++ 15.9 (VS2017)

END.
