#
# A fatal error has been detected by the Java Runtime Environment:
#
#  EXCEPTION_ACCESS_VIOLATION (0xc0000005) at pc=0x0000000000000000, pid=39276, tid=43588
#
# JRE version:  (14.0.2+12) (build )
# Java VM: Java HotSpot(TM) 64-Bit Server VM (14.0.2+12-46, mixed mode, tiered, compressed oops, g1 gc, windows-amd64)
# Problematic frame:
# C  0x0000000000000000
#
# No core dump will be written. Minidumps are not enabled by default on client versions of Windows
#
# The crash happened outside the Java Virtual Machine in native code.
# See problematic frame for where to report the bug.
#

---------------  S U M M A R Y ------------

Command Line: -javaagent:C:\Users\Neha Narain\eclipse\java-2020-06\eclipse\configuration\org.eclipse.osgi\222\0\.cp\lib\javaagent-shaded.jar -Dfile.encoding=Cp1252 Test.Scope

Host: Intel(R) Core(TM) i3-3110M CPU @ 2.40GHz, 4 cores, 3G,  Windows 10 , 64 bit Build 18362 (10.0.18362.1110)
Time: Fri Dec  4 14:29:51 2020 Pacific Standard Time elapsed time: 53 seconds (0d 0h 0m 53s)

---------------  T H R E A D  ---------------

Current thread (0x000002174006c800):  JavaThread "main" [_thread_in_native, id=43588, stack(0x000000dfed400000,0x000000dfed500000)]

Stack: [0x000000dfed400000,0x000000dfed500000],  sp=0x000000dfed4fe7f8,  free space=1017k
Native frames: (J=compiled Java code, j=interpreted, Vv=VM code, C=native code)

Java frames: (J=compiled Java code, j=interpreted, Vv=VM code)
j  jdk.internal.util.SystemProps$Raw.platformProperties()[Ljava/lang/String;+0 java.base
j  jdk.internal.util.SystemProps$Raw.<init>()V+5 java.base
j  jdk.internal.util.SystemProps.initProperties()Ljava/util/Map;+4 java.base
j  java.lang.System.initPhase1()V+0 java.base
v  ~StubRoutines::call_stub

siginfo: EXCEPTION_ACCESS_VIOLATION (0xc0000005), data execution prevention violation at address 0x0000000000000000


Register to memory mapping:

RIP=0x0 is NULL
RAX=0x0 is NULL
RBX=0x0 is NULL
RCX=0x0 is NULL
RDX=0x0000000000004028 is an unknown value
RSP=0x000000dfed4fe7f8 is pointing into the stack for thread: 0x000002174006c800
RBP=0x000000dfed4feb70 is pointing into the stack for thread: 0x000002174006c800
RSI=0x0000000000000001 is an unknown value
RDI=0x000002175c222501 points into unknown readable memory: 00 00 00 00 00 00 00
R8 =0x0 is NULL
R9 =0x0 is NULL
R10=0x0 is NULL
R11=0x0000000000180016 is an unknown value
R12=0x0000000000000001 is an unknown value
R13=0x00000000000047ba is an unknown value
R14=0x000000000000000a is an unknown value
R15=0x0000000000000744 is an unknown value


Registers:
RAX=0x0000000000000000, RBX=0x0000000000000000, RCX=0x0000000000000000, RDX=0x0000000000004028
RSP=0x000000dfed4fe7f8, RBP=0x000000dfed4feb70, RSI=0x0000000000000001, RDI=0x000002175c222501
R8 =0x0000000000000000, R9 =0x0000000000000000, R10=0x0000000000000000, R11=0x0000000000180016
R12=0x0000000000000001, R13=0x00000000000047ba, R14=0x000000000000000a, R15=0x0000000000000744
RIP=0x0000000000000000, EFLAGS=0x0000000000010202

Top of Stack: (sp=0x000000dfed4fe7f8)
0x000000dfed4fe7f8:   00007ff94e63b793 0000000000000000
0x000000dfed4fe808:   0000000000004028 0000000000000000
0x000000dfed4fe818:   0000000000000000 000000dfed4fe840
0x000000dfed4fe828:   00007ff965fdb91f 0000000080004005
0x000000dfed4fe838:   0000000000000020 000002174013d0b0
0x000000dfed4fe848:   000000dfed4fe850 0000000000000002
0x000000dfed4fe858:   00000000000013b0 0000000000000000
0x000000dfed4fe868:   000002173de41200 000002179d7b0070
0x000000dfed4fe878:   000002173de40000 000002173de402a8
0x000000dfed4fe888:   00007ff965fe130d 0000000000000020
0x000000dfed4fe898:   000002173de40cc0 0000000000000000
0x000000dfed4fe8a8:   0000000000000000 0000000000000000
0x000000dfed4fe8b8:   0000000000000020 0000000000000018
0x000000dfed4fe8c8:   0000000000000004 000002173de70000
0x000000dfed4fe8d8:   000000dfed4fe999 0000000000000002
0x000000dfed4fe8e8:   00007ff965fdb434 000002173de40000 

Instructions: (pc=0x0000000000000000)
0xffffffffffffff00:   


Stack slot to memory mapping:
stack at sp + 0 slots: 0x00007ff94e63b793 java.dll
stack at sp + 1 slots: 0x0 is NULL
stack at sp + 2 slots: 0x0000000000004028 is an unknown value
stack at sp + 3 slots: 0x0 is NULL
stack at sp + 4 slots: 0x0 is NULL
stack at sp + 5 slots: 0x000000dfed4fe840 is pointing into the stack for thread: 0x000002174006c800
stack at sp + 6 slots: 0x00007ff965fdb91f ntdll.dll
stack at sp + 7 slots: 0x0000000080004005 is an unknown value


---------------  P R O C E S S  ---------------

Threads class SMR info:
_java_thread_list=0x000002175c20ae80, length=3, elements={
0x000002174006c800, 0x000002175c21f800, 0x000002175c221000
}

Java Threads: ( => current thread )
=>0x000002174006c800 JavaThread "main" [_thread_in_native, id=43588, stack(0x000000dfed400000,0x000000dfed500000)]
  0x000002175c21f800 JavaThread "Reference Handler" daemon [_thread_blocked, id=6380, stack(0x000000dfedb00000,0x000000dfedc00000)]
  0x000002175c221000 JavaThread "Finalizer" daemon [_thread_blocked, id=43476, stack(0x000000dfedc00000,0x000000dfedd00000)]

Other Threads:
  0x000002175c20c000 VMThread "VM Thread" [stack: 0x000000dfeda00000,0x000000dfedb00000] [id=28932]
  0x000002174009d800 GCTaskThread "GC Thread#0" [stack: 0x000000dfed500000,0x000000dfed600000] [id=44396]
  0x00000217400a7800 ConcurrentGCThread "G1 Main Marker" [stack: 0x000000dfed600000,0x000000dfed700000] [id=44400]
  0x00000217400ab800 ConcurrentGCThread "G1 Conc#0" [stack: 0x000000dfed700000,0x000000dfed800000] [id=44404]
  0x00000217400ff800 ConcurrentGCThread "G1 Refine#0" [stack: 0x000000dfed800000,0x000000dfed900000] [id=44420]
  0x0000021740100800 ConcurrentGCThread "G1 Young RemSet Sampling" [stack: 0x000000dfed900000,0x000000dfeda00000] [id=44424]

Threads with active compile tasks:

VM state:not at safepoint (normal execution)

VM Mutex/Monitor currently owned by a thread: None

Heap address: 0x00000000c1a00000, size: 998 MB, Compressed Oops mode: 32-bit
Narrow klass base: 0x0000000000000000, Narrow klass shift: 3
Compressed class space size: 1073741824 Address: 0x0000000100000000

Heap:
 garbage-first heap   total 65536K, used 0K [0x00000000c1a00000, 0x0000000100000000)
  region size 1024K, 1 young (1024K), 0 survivors (0K)
 Metaspace       used 1632K, capacity 4480K, committed 4480K, reserved 1060864K
  class space    used 131K, capacity 384K, committed 384K, reserved 1048576K
Heap Regions: E=young(eden), S=young(survivor), O=old, HS=humongous(starts), HC=humongous(continues), CS=collection set, F=free, OA=open archive, CA=closed archive, TAMS=top-at-mark-start (previous, next)
|   0|0x00000000c1a00000, 0x00000000c1a00000, 0x00000000c1b00000|  0%| F|  |TAMS 0x00000000c1a00000, 0x00000000c1a00000| Untracked 
|   1|0x00000000c1b00000, 0x00000000c1b00000, 0x00000000c1c00000|  0%| F|  |TAMS 0x00000000c1b00000, 0x00000000c1b00000| Untracked 
|   2|0x00000000c1c00000, 0x00000000c1c00000, 0x00000000c1d00000|  0%| F|  |TAMS 0x00000000c1c00000, 0x00000000c1c00000| Untracked 
|   3|0x00000000c1d00000, 0x00000000c1d00000, 0x00000000c1e00000|  0%| F|  |TAMS 0x00000000c1d00000, 0x00000000c1d00000| Untracked 
|   4|0x00000000c1e00000, 0x00000000c1e00000, 0x00000000c1f00000|  0%| F|  |TAMS 0x00000000c1e00000, 0x00000000c1e00000| Untracked 
|   5|0x00000000c1f00000, 0x00000000c1f00000, 0x00000000c2000000|  0%| F|  |TAMS 0x00000000c1f00000, 0x00000000c1f00000| Untracked 
|   6|0x00000000c2000000, 0x00000000c2000000, 0x00000000c2100000|  0%| F|  |TAMS 0x00000000c2000000, 0x00000000c2000000| Untracked 
|   7|0x00000000c2100000, 0x00000000c2100000, 0x00000000c2200000|  0%| F|  |TAMS 0x00000000c2100000, 0x00000000c2100000| Untracked 
|   8|0x00000000c2200000, 0x00000000c2200000, 0x00000000c2300000|  0%| F|  |TAMS 0x00000000c2200000, 0x00000000c2200000| Untracked 
|   9|0x00000000c2300000, 0x00000000c2300000, 0x00000000c2400000|  0%| F|  |TAMS 0x00000000c2300000, 0x00000000c2300000| Untracked 
|  10|0x00000000c2400000, 0x00000000c2400000, 0x00000000c2500000|  0%| F|  |TAMS 0x00000000c2400000, 0x00000000c2400000| Untracked 
|  11|0x00000000c2500000, 0x00000000c2500000, 0x00000000c2600000|  0%| F|  |TAMS 0x00000000c2500000, 0x00000000c2500000| Untracked 
|  12|0x00000000c2600000, 0x00000000c2600000, 0x00000000c2700000|  0%| F|  |TAMS 0x00000000c2600000, 0x00000000c2600000| Untracked 
|  13|0x00000000c2700000, 0x00000000c2700000, 0x00000000c2800000|  0%| F|  |TAMS 0x00000000c2700000, 0x00000000c2700000| Untracked 
|  14|0x00000000c2800000, 0x00000000c2800000, 0x00000000c2900000|  0%| F|  |TAMS 0x00000000c2800000, 0x00000000c2800000| Untracked 
|  15|0x00000000c2900000, 0x00000000c2900000, 0x00000000c2a00000|  0%| F|  |TAMS 0x00000000c2900000, 0x00000000c2900000| Untracked 
|  16|0x00000000c2a00000, 0x00000000c2a00000, 0x00000000c2b00000|  0%| F|  |TAMS 0x00000000c2a00000, 0x00000000c2a00000| Untracked 
|  17|0x00000000c2b00000, 0x00000000c2b00000, 0x00000000c2c00000|  0%| F|  |TAMS 0x00000000c2b00000, 0x00000000c2b00000| Untracked 
|  18|0x00000000c2c00000, 0x00000000c2c00000, 0x00000000c2d00000|  0%| F|  |TAMS 0x00000000c2c00000, 0x00000000c2c00000| Untracked 
|  19|0x00000000c2d00000, 0x00000000c2d00000, 0x00000000c2e00000|  0%| F|  |TAMS 0x00000000c2d00000, 0x00000000c2d00000| Untracked 
|  20|0x00000000c2e00000, 0x00000000c2e00000, 0x00000000c2f00000|  0%| F|  |TAMS 0x00000000c2e00000, 0x00000000c2e00000| Untracked 
|  21|0x00000000c2f00000, 0x00000000c2f00000, 0x00000000c3000000|  0%| F|  |TAMS 0x00000000c2f00000, 0x00000000c2f00000| Untracked 
|  22|0x00000000c3000000, 0x00000000c3000000, 0x00000000c3100000|  0%| F|  |TAMS 0x00000000c3000000, 0x00000000c3000000| Untracked 
|  23|0x00000000c3100000, 0x00000000c3100000, 0x00000000c3200000|  0%| F|  |TAMS 0x00000000c3100000, 0x00000000c3100000| Untracked 
|  24|0x00000000c3200000, 0x00000000c3200000, 0x00000000c3300000|  0%| F|  |TAMS 0x00000000c3200000, 0x00000000c3200000| Untracked 
|  25|0x00000000c3300000, 0x00000000c3300000, 0x00000000c3400000|  0%| F|  |TAMS 0x00000000c3300000, 0x00000000c3300000| Untracked 
|  26|0x00000000c3400000, 0x00000000c3400000, 0x00000000c3500000|  0%| F|  |TAMS 0x00000000c3400000, 0x00000000c3400000| Untracked 
|  27|0x00000000c3500000, 0x00000000c3500000, 0x00000000c3600000|  0%| F|  |TAMS 0x00000000c3500000, 0x00000000c3500000| Untracked 
|  28|0x00000000c3600000, 0x00000000c3600000, 0x00000000c3700000|  0%| F|  |TAMS 0x00000000c3600000, 0x00000000c3600000| Untracked 
|  29|0x00000000c3700000, 0x00000000c3700000, 0x00000000c3800000|  0%| F|  |TAMS 0x00000000c3700000, 0x00000000c3700000| Untracked 
|  30|0x00000000c3800000, 0x00000000c3800000, 0x00000000c3900000|  0%| F|  |TAMS 0x00000000c3800000, 0x00000000c3800000| Untracked 
|  31|0x00000000c3900000, 0x00000000c3900000, 0x00000000c3a00000|  0%| F|  |TAMS 0x00000000c3900000, 0x00000000c3900000| Untracked 
|  32|0x00000000c3a00000, 0x00000000c3a00000, 0x00000000c3b00000|  0%| F|  |TAMS 0x00000000c3a00000, 0x00000000c3a00000| Untracked 
|  33|0x00000000c3b00000, 0x00000000c3b00000, 0x00000000c3c00000|  0%| F|  |TAMS 0x00000000c3b00000, 0x00000000c3b00000| Untracked 
|  34|0x00000000c3c00000, 0x00000000c3c00000, 0x00000000c3d00000|  0%| F|  |TAMS 0x00000000c3c00000, 0x00000000c3c00000| Untracked 
|  35|0x00000000c3d00000, 0x00000000c3d00000, 0x00000000c3e00000|  0%| F|  |TAMS 0x00000000c3d00000, 0x00000000c3d00000| Untracked 
|  36|0x00000000c3e00000, 0x00000000c3e00000, 0x00000000c3f00000|  0%| F|  |TAMS 0x00000000c3e00000, 0x00000000c3e00000| Untracked 
|  37|0x00000000c3f00000, 0x00000000c3f00000, 0x00000000c4000000|  0%| F|  |TAMS 0x00000000c3f00000, 0x00000000c3f00000| Untracked 
|  38|0x00000000c4000000, 0x00000000c4000000, 0x00000000c4100000|  0%| F|  |TAMS 0x00000000c4000000, 0x00000000c4000000| Untracked 
|  39|0x00000000c4100000, 0x00000000c4100000, 0x00000000c4200000|  0%| F|  |TAMS 0x00000000c4100000, 0x00000000c4100000| Untracked 
|  40|0x00000000c4200000, 0x00000000c4200000, 0x00000000c4300000|  0%| F|  |TAMS 0x00000000c4200000, 0x00000000c4200000| Untracked 
|  41|0x00000000c4300000, 0x00000000c4300000, 0x00000000c4400000|  0%| F|  |TAMS 0x00000000c4300000, 0x00000000c4300000| Untracked 
|  42|0x00000000c4400000, 0x00000000c4400000, 0x00000000c4500000|  0%| F|  |TAMS 0x00000000c4400000, 0x00000000c4400000| Untracked 
|  43|0x00000000c4500000, 0x00000000c4500000, 0x00000000c4600000|  0%| F|  |TAMS 0x00000000c4500000, 0x00000000c4500000| Untracked 
|  44|0x00000000c4600000, 0x00000000c4600000, 0x00000000c4700000|  0%| F|  |TAMS 0x00000000c4600000, 0x00000000c4600000| Untracked 
|  45|0x00000000c4700000, 0x00000000c4700000, 0x00000000c4800000|  0%| F|  |TAMS 0x00000000c4700000, 0x00000000c4700000| Untracked 
|  46|0x00000000c4800000, 0x00000000c4800000, 0x00000000c4900000|  0%| F|  |TAMS 0x00000000c4800000, 0x00000000c4800000| Untracked 
|  47|0x00000000c4900000, 0x00000000c4900000, 0x00000000c4a00000|  0%| F|  |TAMS 0x00000000c4900000, 0x00000000c4900000| Untracked 
|  48|0x00000000c4a00000, 0x00000000c4a00000, 0x00000000c4b00000|  0%| F|  |TAMS 0x00000000c4a00000, 0x00000000c4a00000| Untracked 
|  49|0x00000000c4b00000, 0x00000000c4b00000, 0x00000000c4c00000|  0%| F|  |TAMS 0x00000000c4b00000, 0x00000000c4b00000| Untracked 
|  50|0x00000000c4c00000, 0x00000000c4c00000, 0x00000000c4d00000|  0%| F|  |TAMS 0x00000000c4c00000, 0x00000000c4c00000| Untracked 
|  51|0x00000000c4d00000, 0x00000000c4d00000, 0x00000000c4e00000|  0%| F|  |TAMS 0x00000000c4d00000, 0x00000000c4d00000| Untracked 
|  52|0x00000000c4e00000, 0x00000000c4e00000, 0x00000000c4f00000|  0%| F|  |TAMS 0x00000000c4e00000, 0x00000000c4e00000| Untracked 
|  53|0x00000000c4f00000, 0x00000000c4f00000, 0x00000000c5000000|  0%| F|  |TAMS 0x00000000c4f00000, 0x00000000c4f00000| Untracked 
|  54|0x00000000c5000000, 0x00000000c5000000, 0x00000000c5100000|  0%| F|  |TAMS 0x00000000c5000000, 0x00000000c5000000| Untracked 
|  55|0x00000000c5100000, 0x00000000c5100000, 0x00000000c5200000|  0%| F|  |TAMS 0x00000000c5100000, 0x00000000c5100000| Untracked 
|  56|0x00000000c5200000, 0x00000000c5200000, 0x00000000c5300000|  0%| F|  |TAMS 0x00000000c5200000, 0x00000000c5200000| Untracked 
|  57|0x00000000c5300000, 0x00000000c5300000, 0x00000000c5400000|  0%| F|  |TAMS 0x00000000c5300000, 0x00000000c5300000| Untracked 
|  58|0x00000000c5400000, 0x00000000c5400000, 0x00000000c5500000|  0%| F|  |TAMS 0x00000000c5400000, 0x00000000c5400000| Untracked 
|  59|0x00000000c5500000, 0x00000000c5500000, 0x00000000c5600000|  0%| F|  |TAMS 0x00000000c5500000, 0x00000000c5500000| Untracked 
|  60|0x00000000c5600000, 0x00000000c5600000, 0x00000000c5700000|  0%| F|  |TAMS 0x00000000c5600000, 0x00000000c5600000| Untracked 
|  61|0x00000000c5700000, 0x00000000c5700000, 0x00000000c5800000|  0%| F|  |TAMS 0x00000000c5700000, 0x00000000c5700000| Untracked 
|  62|0x00000000c5800000, 0x00000000c5800000, 0x00000000c5900000|  0%| F|  |TAMS 0x00000000c5800000, 0x00000000c5800000| Untracked 
|  63|0x00000000c5900000, 0x00000000c5942900, 0x00000000c5a00000| 26%| E|  |TAMS 0x00000000c5900000, 0x00000000c5900000| Complete 

Card table byte_map: [0x0000021757a10000,0x0000021757c10000] _byte_map_base: 0x0000021757403000

Marking Bits (Prev, Next): (CMBitMap*) 0x000002174009e158, (CMBitMap*) 0x000002174009e198
 Prev Bits: [0x0000021757e10000, 0x0000021758da8000)
 Next Bits: [0x0000021758db0000, 0x0000021759d48000)

Polling page: 0x000002173dfa0000

Metaspace:

Usage:
  Non-class:      4.00 MB capacity,     1.47 MB ( 37%) used,     2.53 MB ( 63%) free+waste,    64 bytes ( <1%) overhead. 
      Class:    384.00 KB capacity,   131.24 KB ( 34%) used,   252.70 KB ( 66%) free+waste,    64 bytes ( <1%) overhead. 
       Both:      4.38 MB capacity,     1.59 MB ( 36%) used,     2.78 MB ( 64%) free+waste,   128 bytes ( <1%) overhead. 

Virtual space:
  Non-class space:       12.00 MB reserved,       4.00 MB ( 33%) committed 
      Class space:        1.00 GB reserved,     384.00 KB ( <1%) committed 
             Both:        1.01 GB reserved,       4.38 MB ( <1%) committed 

Chunk freelists:
   Non-Class:  0 bytes
       Class:  0 bytes
        Both:  0 bytes

MaxMetaspaceSize: 17179869184.00 GB
CompressedClassSpaceSize: 1.00 GB

CodeHeap 'non-profiled nmethods': size=120000Kb used=0Kb max_used=0Kb free=120000Kb
 bounds [0x00000217502e0000, 0x0000021750550000, 0x0000021757810000]
CodeHeap 'profiled nmethods': size=120000Kb used=0Kb max_used=0Kb free=120000Kb
 bounds [0x0000021748db0000, 0x0000021749020000, 0x00000217502e0000]
CodeHeap 'non-nmethods': size=5760Kb used=462Kb max_used=462Kb free=5297Kb
 bounds [0x0000021748810000, 0x0000021748a80000, 0x0000021748db0000]
 total_blobs=128 nmethods=0 adapters=101
 compilation: enabled
              stopped_count=0, restarted_count=0
 full_count=0

Compilation events (0 events):
No events

GC Heap History (0 events):
No events

Deoptimization events (0 events):
No events

Classes unloaded (0 events):
No events

Classes redefined (0 events):
No events

Internal exceptions (0 events):
No events

Events (20 events):
Event: 38.204 loading class jdk/internal/ref/Cleaner
Event: 38.204 loading class jdk/internal/ref/Cleaner done
Event: 38.204 loading class java/lang/ref/ReferenceQueue
Event: 38.204 loading class java/lang/ref/ReferenceQueue done
Event: 38.204 loading class java/lang/ref/ReferenceQueue$Null
Event: 38.205 loading class java/lang/ref/ReferenceQueue$Null done
Event: 38.205 loading class java/lang/ref/ReferenceQueue$Lock
Event: 38.205 loading class java/lang/ref/ReferenceQueue$Lock done
Event: 38.205 Thread 0x000002175c21f800 Thread added: 0x000002175c21f800
Event: 38.205 loading class java/lang/ref/Reference$1
Event: 38.205 loading class jdk/internal/access/JavaLangRefAccess
Event: 38.205 loading class jdk/internal/access/JavaLangRefAccess done
Event: 38.205 loading class java/lang/ref/Reference$1 done
Event: 38.205 loading class java/lang/ref/Finalizer$FinalizerThread
Event: 38.205 loading class java/lang/ref/Finalizer$FinalizerThread done
Event: 38.205 Thread 0x000002175c221000 Thread added: 0x000002175c221000
Event: 38.206 loading class jdk/internal/util/SystemProps
Event: 38.282 loading class jdk/internal/util/SystemProps done
Event: 38.282 loading class jdk/internal/util/SystemProps$Raw
Event: 38.306 loading class jdk/internal/util/SystemProps$Raw done


Dynamic libraries:
0x00007ff78b3f0000 - 0x00007ff78b3ff000 	C:\Program Files\Java\jdk-14.0.2\bin\javaw.exe
0x00007ff965fa0000 - 0x00007ff966190000 	C:\WINDOWS\SYSTEM32\ntdll.dll
0x00007ff9644a0000 - 0x00007ff964552000 	C:\WINDOWS\System32\KERNEL32.DLL
0x00007ff963bd0000 - 0x00007ff963e75000 	C:\WINDOWS\System32\KERNELBASE.dll
0x00007ff9632c0000 - 0x00007ff9633ba000 	C:\WINDOWS\System32\ucrtbase.dll
0x00007ff95fe50000 - 0x00007ff95fe68000 	C:\Program Files\Java\jdk-14.0.2\bin\jli.dll
0x00007ff9647d0000 - 0x00007ff964873000 	C:\WINDOWS\System32\ADVAPI32.dll
0x00007ff964880000 - 0x00007ff96491e000 	C:\WINDOWS\System32\msvcrt.dll
0x00007ff964920000 - 0x00007ff9649b7000 	C:\WINDOWS\System32\sechost.dll
0x00007ff9649c0000 - 0x00007ff964ae0000 	C:\WINDOWS\System32\RPCRT4.dll
0x00007ff964150000 - 0x00007ff9642e4000 	C:\WINDOWS\System32\USER32.dll
0x00007ff963290000 - 0x00007ff9632b1000 	C:\WINDOWS\System32\win32u.dll
0x00007ff964050000 - 0x00007ff964076000 	C:\WINDOWS\System32\GDI32.dll
0x00007ff9630f0000 - 0x00007ff963286000 	C:\WINDOWS\System32\gdi32full.dll
0x00007ff962f40000 - 0x00007ff962fde000 	C:\WINDOWS\System32\msvcp_win.dll
0x00007ff960320000 - 0x00007ff960335000 	C:\Program Files\Java\jdk-14.0.2\bin\VCRUNTIME140.dll
0x00007ff955d40000 - 0x00007ff955fc4000 	C:\WINDOWS\WinSxS\amd64_microsoft.windows.common-controls_6595b64144ccf1df_6.0.18362.1198_none_9e820b57e45ad92f\COMCTL32.dll
0x00007ff965c20000 - 0x00007ff965f55000 	C:\WINDOWS\System32\combase.dll
0x00007ff963b50000 - 0x00007ff963bd0000 	C:\WINDOWS\System32\bcryptPrimitives.dll
0x00007ff957770000 - 0x00007ff95777a000 	C:\WINDOWS\SYSTEM32\VERSION.dll
0x00007ff964ae0000 - 0x00007ff964b0e000 	C:\WINDOWS\System32\IMM32.DLL
0x00007ff9429d0000 - 0x00007ff942a6b000 	C:\Program Files\Java\jdk-14.0.2\bin\msvcp140.dll
0x00007ff927890000 - 0x00007ff9283ae000 	C:\Program Files\Java\jdk-14.0.2\bin\server\jvm.dll
0x00007ff965990000 - 0x00007ff965998000 	C:\WINDOWS\System32\PSAPI.DLL
0x00007ff95d4e0000 - 0x00007ff95d4e9000 	C:\WINDOWS\SYSTEM32\WSOCK32.dll
0x00007ff965920000 - 0x00007ff96598f000 	C:\WINDOWS\System32\WS2_32.dll
0x00007ff95e320000 - 0x00007ff95e344000 	C:\WINDOWS\SYSTEM32\WINMM.dll
0x00007ff95e2f0000 - 0x00007ff95e31d000 	C:\WINDOWS\SYSTEM32\WINMMBASE.dll
0x00007ff963e80000 - 0x00007ff963eca000 	C:\WINDOWS\System32\cfgmgr32.dll
0x00007ff962ed0000 - 0x00007ff962ee1000 	C:\WINDOWS\System32\kernel.appcore.dll
0x00007ff95d190000 - 0x00007ff95d19a000 	C:\Program Files\Java\jdk-14.0.2\bin\jimage.dll
0x00007ff959e90000 - 0x00007ff95a084000 	C:\WINDOWS\SYSTEM32\DBGHELP.DLL
0x00007ff95a5e0000 - 0x00007ff95a60a000 	C:\WINDOWS\SYSTEM32\dbgcore.DLL
0x00007ff948060000 - 0x00007ff948098000 	C:\Program Files\Java\jdk-14.0.2\bin\jdwp.dll
0x00007ff94e630000 - 0x00007ff94e655000 	C:\Program Files\Java\jdk-14.0.2\bin\java.dll
0x00007ff960490000 - 0x00007ff96049e000 	C:\Program Files\Java\jdk-14.0.2\bin\instrument.dll
0x00007ff9531d0000 - 0x00007ff9531e6000 	C:\Program Files\Java\jdk-14.0.2\bin\zip.dll

dbghelp: loaded successfully - version: 4.0.5 - missing functions: none
symbol engine: initialized successfully - sym options: 0x614 - pdb path: .;C:\Program Files\Java\jdk-14.0.2\bin;C:\WINDOWS\SYSTEM32;C:\WINDOWS\WinSxS\amd64_microsoft.windows.common-controls_6595b64144ccf1df_6.0.18362.1198_none_9e820b57e45ad92f;C:\Program Files\Java\jdk-14.0.2\bin\server

VM Arguments:
jvm_args: -agentlib:jdwp=transport=dt_socket,suspend=y,address=localhost:56753 -javaagent:C:\Users\Neha Narain\eclipse\java-2020-06\eclipse\configuration\org.eclipse.osgi\222\0\.cp\lib\javaagent-shaded.jar -Dfile.encoding=Cp1252 
java_command: Test.Scope
java_class_path (initial): D:\selenium scratch\Introduction\bin;C:\Users\Neha Narain\Downloads\selenium-java-3.141.59\client-combined-3.141.59.jar;C:\Users\Neha Narain\Downloads\selenium-java-3.141.59\client-combined-3.141.59-sources.jar;C:\Users\Neha Narain\Downloads\selenium-java-3.141.59\libs\byte-buddy-1.8.15.jar;C:\Users\Neha Narain\Downloads\selenium-java-3.141.59\libs\commons-exec-1.3.jar;C:\Users\Neha Narain\Downloads\selenium-java-3.141.59\libs\guava-25.0-jre.jar;C:\Users\Neha Narain\Downloads\selenium-java-3.141.59\libs\okhttp-3.11.0.jar;C:\Users\Neha Narain\Downloads\selenium-java-3.141.59\libs\okio-1.14.0.jar;C:\Users\Neha Narain\Downloads\testng-6.7.jar
Launcher Type: SUN_STANDARD

[Global flags]
     intx CICompilerCount                          = 3                                         {product} {ergonomic}
     uint ConcGCThreads                            = 1                                         {product} {ergonomic}
     uint G1ConcRefinementThreads                  = 4                                         {product} {ergonomic}
   size_t G1HeapRegionSize                         = 1048576                                   {product} {ergonomic}
    uintx GCDrainStackTargetSize                   = 64                                        {product} {ergonomic}
   size_t InitialHeapSize                          = 67108864                                  {product} {ergonomic}
   size_t MarkStackSize                            = 4194304                                   {product} {ergonomic}
   size_t MaxHeapSize                              = 1046478848                                {product} {ergonomic}
   size_t MaxNewSize                               = 627048448                                 {product} {ergonomic}
   size_t MinHeapDeltaBytes                        = 1048576                                   {product} {ergonomic}
   size_t MinHeapSize                              = 8388608                                   {product} {ergonomic}
    uintx NonNMethodCodeHeapSize                   = 5832780                                {pd product} {ergonomic}
    uintx NonProfiledCodeHeapSize                  = 122912730                              {pd product} {ergonomic}
    uintx ProfiledCodeHeapSize                     = 122912730                              {pd product} {ergonomic}
    uintx ReservedCodeCacheSize                    = 251658240                              {pd product} {ergonomic}
     bool SegmentedCodeCache                       = true                                      {product} {ergonomic}
   size_t SoftMaxHeapSize                          = 1046478848                             {manageable} {ergonomic}
     bool UseCompressedClassPointers               = true                                 {lp64_product} {ergonomic}
     bool UseCompressedOops                        = true                                 {lp64_product} {ergonomic}
     bool UseG1GC                                  = true                                      {product} {ergonomic}
     bool UseLargePagesIndividualAllocation        = false                                  {pd product} {ergonomic}

Logging:
Log output configuration:
 #0: stdout all=warning uptime,level,tags
 #1: stderr all=off uptime,level,tags

Environment Variables:
JAVA_HOME=C:\Program Files\Java\jdk-14.0.2
PATH=C:/Program Files/Java/jdk-14.0.2/bin/server;C:/Program Files/Java/jdk-14.0.2/bin;C:\Program Files\Common Files\Oracle\Java\javapath;C:\WINDOWS\system32;C:\WINDOWS;C:\WINDOWS\System32\Wbem;C:\WINDOWS\System32\WindowsPowerShell\v1.0\;C:\WINDOWS\System32\OpenSSH\;C:\Program Files\Java\jdk-14.0.2\bin;C:\Program Files\Java\jdk-11.0.8\bin;C:\Users\Neha Narain\AppData\Local\Android\Sdk\tools;C:\Users\Neha Narain\AppData\Local\Android\Sdk\tools\bin;C:\Users\Neha Narain\AppData\Local\Android\Sdk\platform-tools;C:\Users\Neha Narain\AppData\Local\Android;C:\Program Files\nodejs\;C:\Program Files\Microsoft SQL Server\Client SDK\ODBC\170\Tools\Binn\;C:\Program Files (x86)\Microsoft SQL Server\150\Tools\Binn\;C:\Program Files\Microsoft SQL Server\150\Tools\Binn\;C:\Program Files\Microsoft SQL Server\150\DTS\Binn\;C:\Users\Neha Narain\AppData\Local\Microsoft\WindowsApps;C:\Users\Neha Narain\AppData\Roaming\npm;C:\Users\Neha Narain\eclipse\java-2020-06\eclipse;
USERNAME=Neha Narain
OS=Windows_NT
PROCESSOR_IDENTIFIER=Intel64 Family 6 Model 58 Stepping 9, GenuineIntel



---------------  S Y S T E M  ---------------

OS: Windows 10 , 64 bit Build 18362 (10.0.18362.1110)
OS uptime: 14 days 21:23 hours

CPU:total 4 (initial active 4) (2 cores per cpu, 2 threads per core) family 6 model 58 stepping 9, cmov, cx8, fxsr, mmx, sse, sse2, sse3, ssse3, sse4.1, sse4.2, popcnt, avx, clmul, erms, ht, tsc, tscinvbit, tscinv

Memory: 4k page, system-wide physical 3989M (233M free)
TotalPageFile size 16225M (AvailPageFile size 16M)
current process WorkingSet (physical memory assigned to process): 17M, peak: 17M
current process commit charge ("private bytes"): 125M, peak: 129M

vm_info: Java HotSpot(TM) 64-Bit Server VM (14.0.2+12-46) for windows-amd64 JRE (14.0.2+12-46), built on Jul  9 2020 00:35:52 by "mach5one" with MS VC++ 15.9 (VS2017)

END.
